<?xml version="1.0" encoding="UTF-8"?>
<!-- Generated by org.testng.reporters.JUnitReportReporter -->
<testsuite hostname="LAPTOP-JED285SQ" failures="0" tests="1" name="SumValidation" time="1.334" errors="0" timestamp="2023-11-02T00:23:41 IST" skipped="0">
  <testcase classname="SumValidation" name="VerifySumofAllProducts" time="1.334"/>
</testsuite> <!-- SumValidation -->
